2021/01/19 18:53:59 [INFO] Terraform version: 0.12.19  
2021/01/19 18:53:59 [INFO] Go runtime version: go1.12.13
2021/01/19 18:53:59 [INFO] CLI args: []string{"/usr/local/Cellar/tfenv/2.0.0/versions/0.12.19/terraform", "validate"}
2021/01/19 18:53:59 [DEBUG] Attempting to open CLI config file: /Users/michaelugbechie/.terraformrc
2021/01/19 18:53:59 [DEBUG] File doesn't exist, but doesn't need to. Ignoring.
2021/01/19 18:53:59 [INFO] CLI command args: []string{"validate"}
2021/01/19 18:53:59 [DEBUG] checking for provider in "."
2021/01/19 18:53:59 [DEBUG] checking for provider in "/usr/local/Cellar/tfenv/2.0.0/versions/0.12.19"
2021/01/19 18:53:59 [DEBUG] checking for provider in ".terraform/plugins/darwin_amd64"
2021/01/19 18:53:59 [DEBUG] found provider "terraform-provider-aws_v2.70.0_x4"
2021/01/19 18:53:59 [DEBUG] found provider "terraform-provider-azurerm_v2.43.0_x5"
2021/01/19 18:53:59 [DEBUG] found provider "terraform-provider-external_v2.0.0_x5"
2021/01/19 18:53:59 [DEBUG] found valid plugin: "aws", "2.70.0", "/Users/michaelugbechie/workspace/terraform-academy/academy_labs/dependencies/.terraform/plugins/darwin_amd64/terraform-provider-aws_v2.70.0_x4"
2021/01/19 18:53:59 [DEBUG] found valid plugin: "azurerm", "2.43.0", "/Users/michaelugbechie/workspace/terraform-academy/academy_labs/dependencies/.terraform/plugins/darwin_amd64/terraform-provider-azurerm_v2.43.0_x5"
2021/01/19 18:53:59 [DEBUG] found valid plugin: "external", "2.0.0", "/Users/michaelugbechie/workspace/terraform-academy/academy_labs/dependencies/.terraform/plugins/darwin_amd64/terraform-provider-external_v2.0.0_x5"
2021/01/19 18:53:59 [DEBUG] checking for provisioner in "."
2021/01/19 18:53:59 [DEBUG] checking for provisioner in "/usr/local/Cellar/tfenv/2.0.0/versions/0.12.19"
2021/01/19 18:53:59 [DEBUG] checking for provisioner in ".terraform/plugins/darwin_amd64"
2021/01/19 18:53:59 [TRACE] terraform.NewContext: starting
2021/01/19 18:53:59 [TRACE] terraform.NewContext: resolving provider version selections
2021/01/19 18:54:00 [TRACE] terraform.NewContext: loading provider schemas
2021/01/19 18:54:00 [TRACE] LoadSchemas: retrieving schema for provider type "aws"
2021-01-19T18:54:00.210Z [INFO]  plugin: configuring client automatic mTLS
2021-01-19T18:54:00.231Z [DEBUG] plugin: starting plugin: path=/Users/michaelugbechie/workspace/terraform-academy/academy_labs/dependencies/.terraform/plugins/darwin_amd64/terraform-provider-aws_v2.70.0_x4 args=[/Users/michaelugbechie/workspace/terraform-academy/academy_labs/dependencies/.terraform/plugins/darwin_amd64/terraform-provider-aws_v2.70.0_x4]
2021-01-19T18:54:00.239Z [DEBUG] plugin: plugin started: path=/Users/michaelugbechie/workspace/terraform-academy/academy_labs/dependencies/.terraform/plugins/darwin_amd64/terraform-provider-aws_v2.70.0_x4 pid=1453
2021-01-19T18:54:00.239Z [DEBUG] plugin: waiting for RPC address: path=/Users/michaelugbechie/workspace/terraform-academy/academy_labs/dependencies/.terraform/plugins/darwin_amd64/terraform-provider-aws_v2.70.0_x4
2021-01-19T18:54:00.269Z [INFO]  plugin.terraform-provider-aws_v2.70.0_x4: configuring server automatic mTLS: timestamp=2021-01-19T18:54:00.268Z
2021-01-19T18:54:00.294Z [DEBUG] plugin: using plugin: version=5
2021-01-19T18:54:00.294Z [DEBUG] plugin.terraform-provider-aws_v2.70.0_x4: plugin address: address=/var/folders/yr/9qk9x6nd3t78r184mcm12z5c0000gp/T/plugin923436920 network=unix timestamp=2021-01-19T18:54:00.294Z
2021/01/19 18:54:00 [TRACE] GRPCProvider: GetSchema
2021/01/19 18:54:00 [TRACE] GRPCProvider: Close
2021-01-19T18:54:00.391Z [DEBUG] plugin: plugin process exited: path=/Users/michaelugbechie/workspace/terraform-academy/academy_labs/dependencies/.terraform/plugins/darwin_amd64/terraform-provider-aws_v2.70.0_x4 pid=1453
2021-01-19T18:54:00.391Z [DEBUG] plugin: plugin exited
2021/01/19 18:54:00 [TRACE] LoadSchemas: retrieving schema for provider type "azurerm"
2021-01-19T18:54:00.391Z [INFO]  plugin: configuring client automatic mTLS
2021-01-19T18:54:00.411Z [DEBUG] plugin: starting plugin: path=/Users/michaelugbechie/workspace/terraform-academy/academy_labs/dependencies/.terraform/plugins/darwin_amd64/terraform-provider-azurerm_v2.43.0_x5 args=[/Users/michaelugbechie/workspace/terraform-academy/academy_labs/dependencies/.terraform/plugins/darwin_amd64/terraform-provider-azurerm_v2.43.0_x5]
2021-01-19T18:54:00.416Z [DEBUG] plugin: plugin started: path=/Users/michaelugbechie/workspace/terraform-academy/academy_labs/dependencies/.terraform/plugins/darwin_amd64/terraform-provider-azurerm_v2.43.0_x5 pid=1454
2021-01-19T18:54:00.416Z [DEBUG] plugin: waiting for RPC address: path=/Users/michaelugbechie/workspace/terraform-academy/academy_labs/dependencies/.terraform/plugins/darwin_amd64/terraform-provider-azurerm_v2.43.0_x5
2021-01-19T18:54:00.450Z [INFO]  plugin.terraform-provider-azurerm_v2.43.0_x5: configuring server automatic mTLS: timestamp=2021-01-19T18:54:00.450Z
2021-01-19T18:54:00.475Z [DEBUG] plugin: using plugin: version=5
2021-01-19T18:54:00.475Z [DEBUG] plugin.terraform-provider-azurerm_v2.43.0_x5: plugin address: address=/var/folders/yr/9qk9x6nd3t78r184mcm12z5c0000gp/T/plugin099163869 network=unix timestamp=2021-01-19T18:54:00.474Z
2021/01/19 18:54:00 [TRACE] GRPCProvider: GetSchema
2021/01/19 18:54:00 [TRACE] GRPCProvider: Close
2021-01-19T18:54:00.565Z [DEBUG] plugin: plugin process exited: path=/Users/michaelugbechie/workspace/terraform-academy/academy_labs/dependencies/.terraform/plugins/darwin_amd64/terraform-provider-azurerm_v2.43.0_x5 pid=1454
2021-01-19T18:54:00.565Z [DEBUG] plugin: plugin exited
2021/01/19 18:54:00 [TRACE] LoadSchemas: retrieving schema for provider type "external"
2021-01-19T18:54:00.565Z [INFO]  plugin: configuring client automatic mTLS
2021-01-19T18:54:00.586Z [DEBUG] plugin: starting plugin: path=/Users/michaelugbechie/workspace/terraform-academy/academy_labs/dependencies/.terraform/plugins/darwin_amd64/terraform-provider-external_v2.0.0_x5 args=[/Users/michaelugbechie/workspace/terraform-academy/academy_labs/dependencies/.terraform/plugins/darwin_amd64/terraform-provider-external_v2.0.0_x5]
2021-01-19T18:54:00.588Z [DEBUG] plugin: plugin started: path=/Users/michaelugbechie/workspace/terraform-academy/academy_labs/dependencies/.terraform/plugins/darwin_amd64/terraform-provider-external_v2.0.0_x5 pid=1455
2021-01-19T18:54:00.588Z [DEBUG] plugin: waiting for RPC address: path=/Users/michaelugbechie/workspace/terraform-academy/academy_labs/dependencies/.terraform/plugins/darwin_amd64/terraform-provider-external_v2.0.0_x5
2021-01-19T18:54:00.596Z [INFO]  plugin.terraform-provider-external_v2.0.0_x5: configuring server automatic mTLS: timestamp=2021-01-19T18:54:00.596Z
2021-01-19T18:54:00.618Z [DEBUG] plugin: using plugin: version=5
2021-01-19T18:54:00.618Z [DEBUG] plugin.terraform-provider-external_v2.0.0_x5: plugin address: network=unix address=/var/folders/yr/9qk9x6nd3t78r184mcm12z5c0000gp/T/plugin975642482 timestamp=2021-01-19T18:54:00.618Z
2021/01/19 18:54:00 [TRACE] GRPCProvider: GetSchema
2021/01/19 18:54:00 [TRACE] GRPCProvider: Close
2021-01-19T18:54:00.665Z [DEBUG] plugin: plugin process exited: path=/Users/michaelugbechie/workspace/terraform-academy/academy_labs/dependencies/.terraform/plugins/darwin_amd64/terraform-provider-external_v2.0.0_x5 pid=1455
2021-01-19T18:54:00.665Z [DEBUG] plugin: plugin exited
2021/01/19 18:54:00 [TRACE] terraform.NewContext: complete
2021/01/19 18:54:00 [INFO] terraform: building graph: GraphTypeValidate
2021/01/19 18:54:00 [TRACE] Executing graph transform *terraform.ConfigTransformer
2021/01/19 18:54:00 [TRACE] ConfigTransformer: Starting for path: 
2021/01/19 18:54:00 [TRACE] Completed graph transform *terraform.ConfigTransformer with new graph:
  aws_iam_user.user - *terraform.NodeValidatableResource
  aws_instance.instance - *terraform.NodeValidatableResource
  aws_instance.instance2 - *terraform.NodeValidatableResource
  aws_security_grup.fw - *terraform.NodeValidatableResource
  data.aws_ami.amazonlinux - *terraform.NodeValidatableResource
  data.aws_availability_zones.azs - *terraform.NodeValidatableResource
  data.external.echo - *terraform.NodeValidatableResource
  ------
2021/01/19 18:54:00 [TRACE] Executing graph transform *terraform.LocalTransformer
2021/01/19 18:54:00 [TRACE] Completed graph transform *terraform.LocalTransformer with new graph:
  aws_iam_user.user - *terraform.NodeValidatableResource
  aws_instance.instance - *terraform.NodeValidatableResource
  aws_instance.instance2 - *terraform.NodeValidatableResource
  aws_security_grup.fw - *terraform.NodeValidatableResource
  data.aws_ami.amazonlinux - *terraform.NodeValidatableResource
  data.aws_availability_zones.azs - *terraform.NodeValidatableResource
  data.external.echo - *terraform.NodeValidatableResource
  local.datafilter - *terraform.NodeLocal
  local.ingress_config - *terraform.NodeLocal
  local.ingress_config2 - *terraform.NodeLocal
  ------
2021/01/19 18:54:00 [TRACE] Executing graph transform *terraform.OutputTransformer
2021/01/19 18:54:00 [TRACE] Completed graph transform *terraform.OutputTransformer with new graph:
  aws_iam_user.user - *terraform.NodeValidatableResource
  aws_instance.instance - *terraform.NodeValidatableResource
  aws_instance.instance2 - *terraform.NodeValidatableResource
  aws_security_grup.fw - *terraform.NodeValidatableResource
  data.aws_ami.amazonlinux - *terraform.NodeValidatableResource
  data.aws_availability_zones.azs - *terraform.NodeValidatableResource
  data.external.echo - *terraform.NodeValidatableResource
  local.datafilter - *terraform.NodeLocal
  local.ingress_config - *terraform.NodeLocal
  local.ingress_config2 - *terraform.NodeLocal
  output.echo - *terraform.NodeApplyableOutput
  output.echo_foo - *terraform.NodeApplyableOutput
  output.splat_example_id - *terraform.NodeApplyableOutput
  output.splat_example_public_ip - *terraform.NodeApplyableOutput
  ------
2021/01/19 18:54:00 [TRACE] Executing graph transform *terraform.OrphanResourceInstanceTransformer
2021/01/19 18:54:00 [TRACE] Completed graph transform *terraform.OrphanResourceInstanceTransformer (no changes)
2021/01/19 18:54:00 [TRACE] Executing graph transform *terraform.StateTransformer
2021/01/19 18:54:00 [TRACE] StateTransformer: state is empty, so nothing to do
2021/01/19 18:54:00 [TRACE] Completed graph transform *terraform.StateTransformer (no changes)
2021/01/19 18:54:00 [TRACE] Executing graph transform *terraform.OrphanOutputTransformer
2021/01/19 18:54:00 [TRACE] Completed graph transform *terraform.OrphanOutputTransformer (no changes)
2021/01/19 18:54:00 [TRACE] Executing graph transform *terraform.AttachResourceConfigTransformer
2021/01/19 18:54:00 [TRACE] AttachResourceConfigTransformer: attaching to "aws_security_grup.fw" (*terraform.NodeValidatableResource) config from main.tf:49,1-34
2021/01/19 18:54:00 [TRACE] AttachResourceConfigTransformer: attaching to "data.aws_ami.amazonlinux" (*terraform.NodeValidatableResource) config from hcl.Range{Filename:"data_sources.tf", Start:hcl.Pos{Line:29, Column:1, Byte:401}, End:hcl.Pos{Line:29, Column:29, Byte:429}}
2021/01/19 18:54:00 [TRACE] AttachResourceConfigTransformer: attaching to "aws_iam_user.user" (*terraform.NodeValidatableResource) config from main.tf:28,1-32
2021/01/19 18:54:00 [TRACE] AttachResourceConfigTransformer: attaching to "aws_instance.instance" (*terraform.NodeValidatableResource) config from main.tf:2,1-35
2021/01/19 18:54:00 [TRACE] AttachResourceConfigTransformer: attaching to "aws_instance.instance2" (*terraform.NodeValidatableResource) config from main.tf:12,1-36
2021/01/19 18:54:00 [TRACE] AttachResourceConfigTransformer: attaching to "data.external.echo" (*terraform.NodeValidatableResource) config from hcl.Range{Filename:"data_sources.tf", Start:hcl.Pos{Line:12, Column:1, Byte:134}, End:hcl.Pos{Line:12, Column:23, Byte:156}}
2021/01/19 18:54:00 [TRACE] AttachResourceConfigTransformer: attaching to "data.aws_availability_zones.azs" (*terraform.NodeValidatableResource) config from hcl.Range{Filename:"data_sources.tf", Start:hcl.Pos{Line:1, Column:1, Byte:0}, End:hcl.Pos{Line:1, Column:36, Byte:35}}
2021/01/19 18:54:00 [TRACE] Completed graph transform *terraform.AttachResourceConfigTransformer (no changes)
2021/01/19 18:54:00 [TRACE] Executing graph transform *terraform.AttachStateTransformer
2021/01/19 18:54:00 [TRACE] Completed graph transform *terraform.AttachStateTransformer (no changes)
2021/01/19 18:54:00 [TRACE] Executing graph transform *terraform.RootVariableTransformer
2021/01/19 18:54:00 [TRACE] Completed graph transform *terraform.RootVariableTransformer with new graph:
  aws_iam_user.user - *terraform.NodeValidatableResource
  aws_instance.instance - *terraform.NodeValidatableResource
  aws_instance.instance2 - *terraform.NodeValidatableResource
  aws_security_grup.fw - *terraform.NodeValidatableResource
  data.aws_ami.amazonlinux - *terraform.NodeValidatableResource
  data.aws_availability_zones.azs - *terraform.NodeValidatableResource
  data.external.echo - *terraform.NodeValidatableResource
  local.datafilter - *terraform.NodeLocal
  local.ingress_config - *terraform.NodeLocal
  local.ingress_config2 - *terraform.NodeLocal
  output.echo - *terraform.NodeApplyableOutput
  output.echo_foo - *terraform.NodeApplyableOutput
  output.splat_example_id - *terraform.NodeApplyableOutput
  output.splat_example_public_ip - *terraform.NodeApplyableOutput
  var.az - *terraform.NodeRootVariable
  var.instance_security_group_name - *terraform.NodeRootVariable
  var.ohio_azs - *terraform.NodeRootVariable
  var.server_port - *terraform.NodeRootVariable
  var.server_ssh - *terraform.NodeRootVariable
  var.type - *terraform.NodeRootVariable
  var.user - *terraform.NodeRootVariable
  var.user_data - *terraform.NodeRootVariable
  ------
2021/01/19 18:54:00 [TRACE] Executing graph transform *terraform.MissingProvisionerTransformer
2021/01/19 18:54:00 [TRACE] Completed graph transform *terraform.MissingProvisionerTransformer (no changes)
2021/01/19 18:54:00 [TRACE] Executing graph transform *terraform.ProvisionerTransformer
2021/01/19 18:54:00 [TRACE] Completed graph transform *terraform.ProvisionerTransformer (no changes)
2021/01/19 18:54:00 [TRACE] Executing graph transform *terraform.ModuleVariableTransformer
2021/01/19 18:54:00 [TRACE] Completed graph transform *terraform.ModuleVariableTransformer (no changes)
2021/01/19 18:54:00 [TRACE] Executing graph transform *terraform.graphTransformerMulti
2021/01/19 18:54:00 [TRACE] (graphTransformerMulti) Executing graph transform *terraform.ProviderConfigTransformer
2021/01/19 18:54:00 [TRACE] ProviderConfigTransformer: attaching to "provider.azurerm" provider configuration from provider.tf:15,1-19
2021/01/19 18:54:00 [TRACE] ProviderConfigTransformer: attaching to "provider.aws" provider configuration from provider.tf:1,1-15
2021/01/19 18:54:00 [TRACE] ProviderConfigTransformer: attaching to "provider.aws.califonia" provider configuration from provider.tf:9,1-15
2021/01/19 18:54:00 [TRACE] (graphTransformerMulti) Completed graph transform *terraform.ProviderConfigTransformer with new graph:
  aws_iam_user.user - *terraform.NodeValidatableResource
  aws_instance.instance - *terraform.NodeValidatableResource
  aws_instance.instance2 - *terraform.NodeValidatableResource
  aws_security_grup.fw - *terraform.NodeValidatableResource
  data.aws_ami.amazonlinux - *terraform.NodeValidatableResource
  data.aws_availability_zones.azs - *terraform.NodeValidatableResource
  data.external.echo - *terraform.NodeValidatableResource
  local.datafilter - *terraform.NodeLocal
  local.ingress_config - *terraform.NodeLocal
  local.ingress_config2 - *terraform.NodeLocal
  output.echo - *terraform.NodeApplyableOutput
  output.echo_foo - *terraform.NodeApplyableOutput
  output.splat_example_id - *terraform.NodeApplyableOutput
  output.splat_example_public_ip - *terraform.NodeApplyableOutput
  provider.aws - *terraform.NodeApplyableProvider
  provider.aws.califonia - *terraform.NodeApplyableProvider
  provider.azurerm - *terraform.NodeApplyableProvider
  var.az - *terraform.NodeRootVariable
  var.instance_security_group_name - *terraform.NodeRootVariable
  var.ohio_azs - *terraform.NodeRootVariable
  var.server_port - *terraform.NodeRootVariable
  var.server_ssh - *terraform.NodeRootVariable
  var.type - *terraform.NodeRootVariable
  var.user - *terraform.NodeRootVariable
  var.user_data - *terraform.NodeRootVariable
  ------
2021/01/19 18:54:00 [TRACE] (graphTransformerMulti) Executing graph transform *terraform.MissingProviderTransformer
2021/01/19 18:54:00 [DEBUG] adding implicit provider configuration provider.external, implied first by data.external.echo
2021/01/19 18:54:00 [TRACE] (graphTransformerMulti) Completed graph transform *terraform.MissingProviderTransformer with new graph:
  aws_iam_user.user - *terraform.NodeValidatableResource
  aws_instance.instance - *terraform.NodeValidatableResource
  aws_instance.instance2 - *terraform.NodeValidatableResource
  aws_security_grup.fw - *terraform.NodeValidatableResource
  data.aws_ami.amazonlinux - *terraform.NodeValidatableResource
  data.aws_availability_zones.azs - *terraform.NodeValidatableResource
  data.external.echo - *terraform.NodeValidatableResource
  local.datafilter - *terraform.NodeLocal
  local.ingress_config - *terraform.NodeLocal
  local.ingress_config2 - *terraform.NodeLocal
  output.echo - *terraform.NodeApplyableOutput
  output.echo_foo - *terraform.NodeApplyableOutput
  output.splat_example_id - *terraform.NodeApplyableOutput
  output.splat_example_public_ip - *terraform.NodeApplyableOutput
  provider.aws - *terraform.NodeApplyableProvider
  provider.aws.califonia - *terraform.NodeApplyableProvider
  provider.azurerm - *terraform.NodeApplyableProvider
  provider.external - *terraform.NodeApplyableProvider
  var.az - *terraform.NodeRootVariable
  var.instance_security_group_name - *terraform.NodeRootVariable
  var.ohio_azs - *terraform.NodeRootVariable
  var.server_port - *terraform.NodeRootVariable
  var.server_ssh - *terraform.NodeRootVariable
  var.type - *terraform.NodeRootVariable
  var.user - *terraform.NodeRootVariable
  var.user_data - *terraform.NodeRootVariable
  ------
2021/01/19 18:54:00 [TRACE] (graphTransformerMulti) Executing graph transform *terraform.ProviderTransformer
2021/01/19 18:54:00 [TRACE] ProviderTransformer: data.external.echo is provided by provider.external or inherited equivalent
2021/01/19 18:54:00 [TRACE] ProviderTransformer: data.aws_availability_zones.azs is provided by provider.aws or inherited equivalent
2021/01/19 18:54:00 [TRACE] ProviderTransformer: aws_security_grup.fw is provided by provider.aws or inherited equivalent
2021/01/19 18:54:00 [TRACE] ProviderTransformer: data.aws_ami.amazonlinux is provided by provider.aws or inherited equivalent
2021/01/19 18:54:00 [TRACE] ProviderTransformer: aws_instance.instance is provided by provider.aws or inherited equivalent
2021/01/19 18:54:00 [TRACE] ProviderTransformer: aws_instance.instance2 is provided by provider.aws or inherited equivalent
2021/01/19 18:54:00 [TRACE] ProviderTransformer: aws_iam_user.user is provided by provider.aws or inherited equivalent
2021/01/19 18:54:00 [TRACE] ProviderTransformer: exact match for provider.external serving data.external.echo
2021/01/19 18:54:00 [DEBUG] ProviderTransformer: "data.external.echo" (*terraform.NodeValidatableResource) needs provider.external
2021/01/19 18:54:00 [TRACE] ProviderTransformer: exact match for provider.aws serving data.aws_availability_zones.azs
2021/01/19 18:54:00 [DEBUG] ProviderTransformer: "data.aws_availability_zones.azs" (*terraform.NodeValidatableResource) needs provider.aws
2021/01/19 18:54:00 [TRACE] ProviderTransformer: exact match for provider.aws serving aws_security_grup.fw
2021/01/19 18:54:00 [DEBUG] ProviderTransformer: "aws_security_grup.fw" (*terraform.NodeValidatableResource) needs provider.aws
2021/01/19 18:54:00 [TRACE] ProviderTransformer: exact match for provider.aws serving data.aws_ami.amazonlinux
2021/01/19 18:54:00 [DEBUG] ProviderTransformer: "data.aws_ami.amazonlinux" (*terraform.NodeValidatableResource) needs provider.aws
2021/01/19 18:54:00 [TRACE] ProviderTransformer: exact match for provider.aws serving aws_instance.instance
2021/01/19 18:54:00 [DEBUG] ProviderTransformer: "aws_instance.instance" (*terraform.NodeValidatableResource) needs provider.aws
2021/01/19 18:54:00 [TRACE] ProviderTransformer: exact match for provider.aws serving aws_instance.instance2
2021/01/19 18:54:00 [DEBUG] ProviderTransformer: "aws_instance.instance2" (*terraform.NodeValidatableResource) needs provider.aws
2021/01/19 18:54:00 [TRACE] ProviderTransformer: exact match for provider.aws serving aws_iam_user.user
2021/01/19 18:54:00 [DEBUG] ProviderTransformer: "aws_iam_user.user" (*terraform.NodeValidatableResource) needs provider.aws
2021/01/19 18:54:00 [TRACE] (graphTransformerMulti) Completed graph transform *terraform.ProviderTransformer with new graph:
  aws_iam_user.user - *terraform.NodeValidatableResource
    provider.aws - *terraform.NodeApplyableProvider
  aws_instance.instance - *terraform.NodeValidatableResource
    provider.aws - *terraform.NodeApplyableProvider
  aws_instance.instance2 - *terraform.NodeValidatableResource
    provider.aws - *terraform.NodeApplyableProvider
  aws_security_grup.fw - *terraform.NodeValidatableResource
    provider.aws - *terraform.NodeApplyableProvider
  data.aws_ami.amazonlinux - *terraform.NodeValidatableResource
    provider.aws - *terraform.NodeApplyableProvider
  data.aws_availability_zones.azs - *terraform.NodeValidatableResource
    provider.aws - *terraform.NodeApplyableProvider
  data.external.echo - *terraform.NodeValidatableResource
    provider.external - *terraform.NodeApplyableProvider
  local.datafilter - *terraform.NodeLocal
  local.ingress_config - *terraform.NodeLocal
  local.ingress_config2 - *terraform.NodeLocal
  output.echo - *terraform.NodeApplyableOutput
  output.echo_foo - *terraform.NodeApplyableOutput
  output.splat_example_id - *terraform.NodeApplyableOutput
  output.splat_example_public_ip - *terraform.NodeApplyableOutput
  provider.aws - *terraform.NodeApplyableProvider
  provider.aws.califonia - *terraform.NodeApplyableProvider
  provider.azurerm - *terraform.NodeApplyableProvider
  provider.external - *terraform.NodeApplyableProvider
  var.az - *terraform.NodeRootVariable
  var.instance_security_group_name - *terraform.NodeRootVariable
  var.ohio_azs - *terraform.NodeRootVariable
  var.server_port - *terraform.NodeRootVariable
  var.server_ssh - *terraform.NodeRootVariable
  var.type - *terraform.NodeRootVariable
  var.user - *terraform.NodeRootVariable
  var.user_data - *terraform.NodeRootVariable
  ------
2021/01/19 18:54:00 [TRACE] (graphTransformerMulti) Executing graph transform *terraform.PruneProviderTransformer
2021/01/19 18:54:00 [DEBUG] pruning unused provider.aws.califonia
2021/01/19 18:54:00 [DEBUG] pruning unused provider.azurerm
2021/01/19 18:54:00 [TRACE] (graphTransformerMulti) Completed graph transform *terraform.PruneProviderTransformer with new graph:
  aws_iam_user.user - *terraform.NodeValidatableResource
    provider.aws - *terraform.NodeApplyableProvider
  aws_instance.instance - *terraform.NodeValidatableResource
    provider.aws - *terraform.NodeApplyableProvider
  aws_instance.instance2 - *terraform.NodeValidatableResource
    provider.aws - *terraform.NodeApplyableProvider
  aws_security_grup.fw - *terraform.NodeValidatableResource
    provider.aws - *terraform.NodeApplyableProvider
  data.aws_ami.amazonlinux - *terraform.NodeValidatableResource
    provider.aws - *terraform.NodeApplyableProvider
  data.aws_availability_zones.azs - *terraform.NodeValidatableResource
    provider.aws - *terraform.NodeApplyableProvider
  data.external.echo - *terraform.NodeValidatableResource
    provider.external - *terraform.NodeApplyableProvider
  local.datafilter - *terraform.NodeLocal
  local.ingress_config - *terraform.NodeLocal
  local.ingress_config2 - *terraform.NodeLocal
  output.echo - *terraform.NodeApplyableOutput
  output.echo_foo - *terraform.NodeApplyableOutput
  output.splat_example_id - *terraform.NodeApplyableOutput
  output.splat_example_public_ip - *terraform.NodeApplyableOutput
  provider.aws - *terraform.NodeApplyableProvider
  provider.external - *terraform.NodeApplyableProvider
  var.az - *terraform.NodeRootVariable
  var.instance_security_group_name - *terraform.NodeRootVariable
  var.ohio_azs - *terraform.NodeRootVariable
  var.server_port - *terraform.NodeRootVariable
  var.server_ssh - *terraform.NodeRootVariable
  var.type - *terraform.NodeRootVariable
  var.user - *terraform.NodeRootVariable
  var.user_data - *terraform.NodeRootVariable
  ------
2021/01/19 18:54:00 [TRACE] (graphTransformerMulti) Executing graph transform *terraform.ParentProviderTransformer
2021/01/19 18:54:00 [TRACE] (graphTransformerMulti) Completed graph transform *terraform.ParentProviderTransformer (no changes)
2021/01/19 18:54:00 [TRACE] Completed graph transform *terraform.graphTransformerMulti with new graph:
  aws_iam_user.user - *terraform.NodeValidatableResource
    provider.aws - *terraform.NodeApplyableProvider
  aws_instance.instance - *terraform.NodeValidatableResource
    provider.aws - *terraform.NodeApplyableProvider
  aws_instance.instance2 - *terraform.NodeValidatableResource
    provider.aws - *terraform.NodeApplyableProvider
  aws_security_grup.fw - *terraform.NodeValidatableResource
    provider.aws - *terraform.NodeApplyableProvider
  data.aws_ami.amazonlinux - *terraform.NodeValidatableResource
    provider.aws - *terraform.NodeApplyableProvider
  data.aws_availability_zones.azs - *terraform.NodeValidatableResource
    provider.aws - *terraform.NodeApplyableProvider
  data.external.echo - *terraform.NodeValidatableResource
    provider.external - *terraform.NodeApplyableProvider
  local.datafilter - *terraform.NodeLocal
  local.ingress_config - *terraform.NodeLocal
  local.ingress_config2 - *terraform.NodeLocal
  output.echo - *terraform.NodeApplyableOutput
  output.echo_foo - *terraform.NodeApplyableOutput
  output.splat_example_id - *terraform.NodeApplyableOutput
  output.splat_example_public_ip - *terraform.NodeApplyableOutput
  provider.aws - *terraform.NodeApplyableProvider
  provider.external - *terraform.NodeApplyableProvider
  var.az - *terraform.NodeRootVariable
  var.instance_security_group_name - *terraform.NodeRootVariable
  var.ohio_azs - *terraform.NodeRootVariable
  var.server_port - *terraform.NodeRootVariable
  var.server_ssh - *terraform.NodeRootVariable
  var.type - *terraform.NodeRootVariable
  var.user - *terraform.NodeRootVariable
  var.user_data - *terraform.NodeRootVariable
  ------
2021/01/19 18:54:00 [TRACE] Executing graph transform *terraform.RemovedModuleTransformer
2021/01/19 18:54:00 [TRACE] Completed graph transform *terraform.RemovedModuleTransformer (no changes)
2021/01/19 18:54:00 [TRACE] Executing graph transform *terraform.AttachSchemaTransformer
2021/01/19 18:54:00 [TRACE] AttachSchemaTransformer: attaching resource schema to data.aws_availability_zones.azs
2021/01/19 18:54:00 [ERROR] AttachSchemaTransformer: No resource schema available for aws_security_grup.fw
2021/01/19 18:54:00 [TRACE] AttachSchemaTransformer: attaching resource schema to data.aws_ami.amazonlinux
2021/01/19 18:54:00 [TRACE] AttachSchemaTransformer: attaching provider config schema to provider.external
2021/01/19 18:54:00 [TRACE] AttachSchemaTransformer: attaching provider config schema to provider.aws
2021/01/19 18:54:00 [TRACE] AttachSchemaTransformer: attaching resource schema to aws_instance.instance
2021/01/19 18:54:00 [TRACE] AttachSchemaTransformer: attaching resource schema to aws_instance.instance2
2021/01/19 18:54:00 [TRACE] AttachSchemaTransformer: attaching resource schema to aws_iam_user.user
2021/01/19 18:54:00 [TRACE] AttachSchemaTransformer: attaching resource schema to data.external.echo
2021/01/19 18:54:00 [TRACE] Completed graph transform *terraform.AttachSchemaTransformer (no changes)
2021/01/19 18:54:00 [TRACE] Executing graph transform *terraform.ReferenceTransformer
2021/01/19 18:54:00 [WARN] no schema is attached to aws_security_grup.fw, so config references cannot be detected
panic: runtime error: invalid memory address or nil pointer dereference
[signal SIGSEGV: segmentation violation code=0x1 addr=0x8 pc=0x19871ce]

goroutine 1 [running]:
github.com/hashicorp/terraform/lang/blocktoattr.walkVariables(0x2f76840, 0xc00022aa50, 0x0, 0xc0000e4001, 0x2f76840, 0xc00022aa50, 0x0, 0x0, 0x0, 0x5d)
	/opt/teamcity-agent/work/9e329aa031982669/src/github.com/hashicorp/terraform/lang/blocktoattr/variables.go:34 +0x1ae
github.com/hashicorp/terraform/lang/blocktoattr.ExpandedVariables(...)
	/opt/teamcity-agent/work/9e329aa031982669/src/github.com/hashicorp/terraform/lang/blocktoattr/variables.go:24
github.com/hashicorp/terraform/lang.ReferencesInBlock(0x2f76840, 0xc00022aa50, 0x0, 0x0, 0x0, 0x0, 0x0, 0x0, 0xc00100d1c0)
	/opt/teamcity-agent/work/9e329aa031982669/src/github.com/hashicorp/terraform/lang/references.go:68 +0x66
github.com/hashicorp/terraform/terraform.(*NodeAbstractResource).References(0xc0013a92b0, 0x0, 0x0, 0x0)
	/opt/teamcity-agent/work/9e329aa031982669/src/github.com/hashicorp/terraform/terraform/node_resource_abstract.go:195 +0x33d
github.com/hashicorp/terraform/terraform.NewReferenceMap(0xc00053f680, 0x18, 0x18, 0x18)
	/opt/teamcity-agent/work/9e329aa031982669/src/github.com/hashicorp/terraform/terraform/transform_reference.go:492 +0x24a
github.com/hashicorp/terraform/terraform.(*ReferenceTransformer).Transform(0x411f3b8, 0xc000210640, 0x14, 0x0)
	/opt/teamcity-agent/work/9e329aa031982669/src/github.com/hashicorp/terraform/terraform/transform_reference.go:79 +0x71
github.com/hashicorp/terraform/terraform.(*BasicGraphBuilder).Build(0xc000dd3748, 0x0, 0x0, 0x0, 0x40ff740, 0xc000dd3778, 0x10e28d0, 0xc0000e4000)
	/opt/teamcity-agent/work/9e329aa031982669/src/github.com/hashicorp/terraform/terraform/graph_builder.go:50 +0x477
github.com/hashicorp/terraform/terraform.(*PlanGraphBuilder).Build(0xc000206070, 0x0, 0x0, 0x0, 0x1, 0x2b2d9f0, 0xc0000a0c01, 0xc000dd37d8)
	/opt/teamcity-agent/work/9e329aa031982669/src/github.com/hashicorp/terraform/terraform/graph_builder_plan.go:65 +0xbc
github.com/hashicorp/terraform/terraform.(*Context).Graph(0xc000226690, 0x6, 0xc000dd37ce, 0xc000248100, 0xc000022068, 0xc000566d18, 0xc0000e2650)
	/opt/teamcity-agent/work/9e329aa031982669/src/github.com/hashicorp/terraform/terraform/context.go:292 +0x1b8
github.com/hashicorp/terraform/terraform.(*Context).Validate(0xc000226690, 0x0, 0x0, 0x0)
	/opt/teamcity-agent/work/9e329aa031982669/src/github.com/hashicorp/terraform/terraform/context.go:675 +0xc9
github.com/hashicorp/terraform/command.(*ValidateCommand).validate(0xc000010680, 0xc00001a050, 0x4c, 0x0, 0x0, 0x0)
	/opt/teamcity-agent/work/9e329aa031982669/src/github.com/hashicorp/terraform/command/validate.go:127 +0x4f9
github.com/hashicorp/terraform/command.(*ValidateCommand).Run(0xc000010680, 0xc0000e0010, 0x0, 0x0, 0xc0000e3fb0)
	/opt/teamcity-agent/work/9e329aa031982669/src/github.com/hashicorp/terraform/command/validate.go:83 +0x752
github.com/mitchellh/cli.(*CLI).Run(0xc000410280, 0xc000410280, 0xc000531d90, 0x1)
	/opt/teamcity-agent/work/9e329aa031982669/pkg/mod/github.com/mitchellh/cli@v1.0.0/cli.go:255 +0x1f1
main.wrappedMain(0x0)
	/opt/teamcity-agent/work/9e329aa031982669/src/github.com/hashicorp/terraform/main.go:238 +0xc34
main.realMain(0x0)
	/opt/teamcity-agent/work/9e329aa031982669/src/github.com/hashicorp/terraform/main.go:102 +0xb4
main.main()
	/opt/teamcity-agent/work/9e329aa031982669/src/github.com/hashicorp/terraform/main.go:38 +0x3b
